Using pre-set license
Built from '2020.2/release' branch; Version is '2020.2.4f1 (becced5a802b) revision 12504301'; Using compiler version '192528614'; Build Type 'Release'
OS: 'Windows 10 Education; OS build 19042.804; Version 2009; 64bit' Language: 'en' Physical Memory: 16307 MB
BatchMode: 1, IsHumanControllingUs: 0, StartBugReporterOnCrash: 0, Is64bit: 1, IsPro: 0

 COMMAND LINE ARGUMENTS:
A:\UnityProjects\2020.2.4f1\Editor\Unity.exe
-adb2
-batchMode
-noUpm
-name
AssetImportWorker0
-projectPath
A:/UnityProjects/BrackeysGameJam/BrackeysGameJam2021/GameJam
-logFile
Logs/AssetImportWorker0.log
-srvPort
62033
Successfully changed project path to: A:/UnityProjects/BrackeysGameJam/BrackeysGameJam2021/GameJam
A:/UnityProjects/BrackeysGameJam/BrackeysGameJam2021/GameJam
Using Asset Import Pipeline V2.
Refreshing native plugins compatible for Editor in 29.86 ms, found 1 plugins.
Preloading 0 native plugins for Editor in 0.00 ms.
Initialize engine version: 2020.2.4f1 (becced5a802b)
[Subsystems] Discovering subsystems at path A:/UnityProjects/2020.2.4f1/Editor/Data/Resources/UnitySubsystems
[Subsystems] Discovering subsystems at path A:/UnityProjects/BrackeysGameJam/BrackeysGameJam2021/GameJam/Assets
GfxDevice: creating device client; threaded=0
Direct3D:
    Version:  Direct3D 11.0 [level 11.1]
    Renderer: AMD Radeon RX 5600 XT (ID=0x731f)
    Vendor:   
    VRAM:     6104 MB
    Driver:   27.20.14501.28009
Initialize mono
Mono path[0] = 'A:/UnityProjects/2020.2.4f1/Editor/Data/Managed'
Mono path[1] = 'A:/UnityProjects/2020.2.4f1/Editor/Data/MonoBleedingEdge/lib/mono/unityjit'
Mono config path = 'A:/UnityProjects/2020.2.4f1/Editor/Data/MonoBleedingEdge/etc'
Using monoOptions --debugger-agent=transport=dt_socket,embedding=1,server=y,suspend=n,address=127.0.0.1:56652
Begin MonoManager ReloadAssembly
Registering precompiled unity dll's ...
Register platform support module: A:/UnityProjects/2020.2.4f1/Editor/Data/PlaybackEngines/WindowsStandaloneSupport/UnityEditor.WindowsStandalone.Extensions.dll
Registered in 0.001084 seconds.
Native extension for WindowsStandalone target not found
Refreshing native plugins compatible for Editor in 30.09 ms, found 1 plugins.
Preloading 0 native plugins for Editor in 0.00 ms.
Invoked RoslynAnalysisRunner static constructor.
RoslynAnalysisRunner will not be running.
RoslynAnalysisRunner has terminated.
Mono: successfully reloaded assembly
- Completed reload, in  1.294 seconds
Platform modules already initialized, skipping
Registering precompiled user dll's ...
Registered in 0.001208 seconds.
Begin MonoManager ReloadAssembly
Native extension for WindowsStandalone target not found
Refreshing native plugins compatible for Editor in 28.90 ms, found 1 plugins.
Preloading 0 native plugins for Editor in 0.00 ms.
Invoked RoslynAnalysisRunner static constructor.
RoslynAnalysisRunner will not be running.
RoslynAnalysisRunner has terminated.
Mono: successfully reloaded assembly
- Completed reload, in  0.696 seconds
Platform modules already initialized, skipping
========================================================================
Worker process is ready to serve import requests
Launched and connected shader compiler UnityShaderCompiler.exe after 0.05 seconds
Refreshing native plugins compatible for Editor in 0.42 ms, found 1 plugins.
Preloading 0 native plugins for Editor in 0.00 ms.
Unloading 1935 Unused Serialized files (Serialized files now loaded: 0)
System memory in use before: 90.0 MB.
System memory in use after: 89.9 MB.

Unloading 25 unused Assets to reduce memory usage. Loaded Objects now: 2379.
Total: 2.053100 ms (FindLiveObjects: 0.241000 ms CreateObjectMapping: 0.061600 ms MarkObjects: 1.631700 ms  DeleteObjects: 0.118100 ms)

========================================================================
Received Import Request.
  path: Assets/Sprites
  artifactKey: Guid(fe82383a1e21af24cb9e998be4e53d3c) Importer(815301076,1909f56bfc062723c751e8b465ee728b)
Start importing Assets/Sprites using Guid(fe82383a1e21af24cb9e998be4e53d3c) Importer(815301076,1909f56bfc062723c751e8b465ee728b)  -> (artifact id: '04954f8843790b2aafcc2920ae62aec3') in 0.014757 seconds
  Import took 0.026983 seconds .

========================================================================
Received Import Request.
  Time since last request: 38.566396 seconds.
  path: Assets/Sprites/Civilian
  artifactKey: Guid(c5445cbe5e9b681478b877366190e5b2) Importer(815301076,1909f56bfc062723c751e8b465ee728b)
Start importing Assets/Sprites/Civilian using Guid(c5445cbe5e9b681478b877366190e5b2) Importer(815301076,1909f56bfc062723c751e8b465ee728b)  -> (artifact id: 'f873578c294fcb5cbce28cbe8db96cab') in 0.003452 seconds
  Import took 0.027253 seconds .

========================================================================
Received Import Request.
  Time since last request: 0.059778 seconds.
  path: Assets/Sprites/Civilian/civilian1_Idle.png
  artifactKey: Guid(049cde45d0c214641b46e442048ec700) Importer(815301076,1909f56bfc062723c751e8b465ee728b)
Start importing Assets/Sprites/Civilian/civilian1_Idle.png using Guid(049cde45d0c214641b46e442048ec700) Importer(815301076,1909f56bfc062723c751e8b465ee728b)  -> (artifact id: '44ae20d5a1776805c155e97a6924d14f') in 0.245545 seconds
  Import took 0.248963 seconds .

========================================================================
Received Import Request.
  Time since last request: 0.000139 seconds.
  path: Assets/Sprites/Civilian/civilian1_Run.png
  artifactKey: Guid(58a0421436bd2f04784fdb03211a93a5) Importer(815301076,1909f56bfc062723c751e8b465ee728b)
Start importing Assets/Sprites/Civilian/civilian1_Run.png using Guid(58a0421436bd2f04784fdb03211a93a5) Importer(815301076,1909f56bfc062723c751e8b465ee728b)  -> (artifact id: 'b2b03d75181a917a10884ad5ad054b02') in 0.007407 seconds
  Import took 0.016674 seconds .

AssetImportWorkerClient::OnTransportError - code=2 error=End of file
